Error: Invalid or corrupt jarfile /
Error: Invalid or corrupt jarfile /

  .   ____          _            __ _ _
 /\\ / ___'_ __ _ _(_)_ __  __ _ \ \ \ \
( ( )\___ | '_ | '_| | '_ \/ _` | \ \ \ \
 \\/  ___)| |_)| | | | | || (_| |  ) ) ) )
  '  |____| .__|_| |_|_| |_\__, | / / / /
 =========|_|==============|___/=/_/_/_/
 :: Spring Boot ::        (v2.2.0.RELEASE)

2019-11-14 13:59:36.813  INFO 38063 --- [           main] com.example.demo.DemoApplicationKt       : Starting DemoApplicationKt on yuniqwoowahancomui-MacBookPro.local with PID 38063 (/Users/yuniq/Documents/dev/yuni/springboot/build/libs/demo-0.0.1-SNAPSHOT.jar started by yuniq in /Users/yuniq/Documents/dev/yuni/springboot)
2019-11-14 13:59:36.818  INFO 38063 --- [           main] com.example.demo.DemoApplicationKt       : No active profile set, falling back to default profiles: default
2019-11-14 13:59:37.955  INFO 38063 --- [           main] .s.d.r.c.RepositoryConfigurationDelegate : Bootstrapping Spring Data repositories in DEFAULT mode.
2019-11-14 13:59:38.043  INFO 38063 --- [           main] .s.d.r.c.RepositoryConfigurationDelegate : Finished Spring Data repository scanning in 73ms. Found 1 repository interfaces.
2019-11-14 13:59:38.520  INFO 38063 --- [           main] trationDelegate$BeanPostProcessorChecker : Bean 'org.springframework.transaction.annotation.ProxyTransactionManagementConfiguration' of type [org.springframework.transaction.annotation.ProxyTransactionManagementConfiguration] is not eligible for getting processed by all BeanPostProcessors (for example: not eligible for auto-proxying)
2019-11-14 13:59:39.000  INFO 38063 --- [           main] o.s.b.w.embedded.tomcat.TomcatWebServer  : Tomcat initialized with port(s): 8080 (http)
2019-11-14 13:59:39.021  INFO 38063 --- [           main] o.apache.catalina.core.StandardService   : Starting service [Tomcat]
2019-11-14 13:59:39.021  INFO 38063 --- [           main] org.apache.catalina.core.StandardEngine  : Starting Servlet engine: [Apache Tomcat/9.0.27]
2019-11-14 13:59:39.123  INFO 38063 --- [           main] o.a.c.c.C.[Tomcat].[localhost].[/]       : Initializing Spring embedded WebApplicationContext
2019-11-14 13:59:39.124  INFO 38063 --- [           main] o.s.web.context.ContextLoader            : Root WebApplicationContext: initialization completed in 2172 ms
2019-11-14 13:59:39.411  INFO 38063 --- [           main] o.hibernate.jpa.internal.util.LogHelper  : HHH000204: Processing PersistenceUnitInfo [name: default]
2019-11-14 13:59:39.526  INFO 38063 --- [           main] org.hibernate.Version                    : HHH000412: Hibernate Core {5.4.6.Final}
2019-11-14 13:59:39.786  INFO 38063 --- [           main] o.hibernate.annotations.common.Version   : HCANN000001: Hibernate Commons Annotations {5.1.0.Final}
2019-11-14 13:59:39.937  INFO 38063 --- [           main] com.zaxxer.hikari.HikariDataSource       : HikariPool-1 - Starting...
2019-11-14 13:59:40.454  INFO 38063 --- [           main] com.zaxxer.hikari.HikariDataSource       : HikariPool-1 - Start completed.
2019-11-14 13:59:40.498  INFO 38063 --- [           main] org.hibernate.dialect.Dialect            : HHH000400: Using dialect: org.hibernate.dialect.MySQL5Dialect
Hibernate: 
    
    drop table if exists yuni
Hibernate: 
    
    create table yuni (
       id bigint not null auto_increment,
        name varchar(255),
        password varchar(255),
        user_id varchar(255),
        primary key (id)
    ) engine=MyISAM
2019-11-14 13:59:41.570  INFO 38063 --- [           main] o.h.e.t.j.p.i.JtaPlatformInitiator       : HHH000490: Using JtaPlatform implementation: [org.hibernate.engine.transaction.jta.platform.internal.NoJtaPlatform]
2019-11-14 13:59:41.579  INFO 38063 --- [           main] j.LocalContainerEntityManagerFactoryBean : Initialized JPA EntityManagerFactory for persistence unit 'default'
2019-11-14 13:59:43.361  INFO 38063 --- [           main] o.s.s.concurrent.ThreadPoolTaskExecutor  : Initializing ExecutorService 'applicationTaskExecutor'
2019-11-14 13:59:43.655  INFO 38063 --- [           main] o.s.b.w.embedded.tomcat.TomcatWebServer  : Tomcat started on port(s): 8080 (http) with context path ''
2019-11-14 13:59:43.657  INFO 38063 --- [           main] com.example.demo.DemoApplicationKt       : Started DemoApplicationKt in 7.79 seconds (JVM running for 8.526)
2019-11-14 14:00:15.205  INFO 38063 --- [nio-8080-exec-2] o.a.c.c.C.[Tomcat].[localhost].[/]       : Initializing Spring DispatcherServlet 'dispatcherServlet'
2019-11-14 14:00:15.206  INFO 38063 --- [nio-8080-exec-2] o.s.web.servlet.DispatcherServlet        : Initializing Servlet 'dispatcherServlet'
2019-11-14 14:00:15.216  INFO 38063 --- [nio-8080-exec-2] o.s.web.servlet.DispatcherServlet        : Completed initialization in 10 ms
Hibernate: 
    select
        user0_.id as id1_0_,
        user0_.name as name2_0_,
        user0_.password as password3_0_,
        user0_.user_id as user_id4_0_ 
    from
        yuni user0_
2019-11-14 14:00:19.110  INFO 38063 --- [extShutdownHook] o.s.s.concurrent.ThreadPoolTaskExecutor  : Shutting down ExecutorService 'applicationTaskExecutor'
2019-11-14 14:00:19.111  INFO 38063 --- [extShutdownHook] j.LocalContainerEntityManagerFactoryBean : Closing JPA EntityManagerFactory for persistence unit 'default'
2019-11-14 14:00:19.117  INFO 38063 --- [extShutdownHook] com.zaxxer.hikari.HikariDataSource       : HikariPool-1 - Shutdown initiated...
2019-11-14 14:00:19.129  INFO 38063 --- [extShutdownHook] com.zaxxer.hikari.HikariDataSource       : HikariPool-1 - Shutdown completed.

  .   ____          _            __ _ _
 /\\ / ___'_ __ _ _(_)_ __  __ _ \ \ \ \
( ( )\___ | '_ | '_| | '_ \/ _` | \ \ \ \
 \\/  ___)| |_)| | | | | || (_| |  ) ) ) )
  '  |____| .__|_| |_|_| |_\__, | / / / /
 =========|_|==============|___/=/_/_/_/
 :: Spring Boot ::        (v2.2.0.RELEASE)

2019-11-14 14:00:26.482  INFO 38083 --- [           main] com.example.demo.DemoApplicationKt       : Starting DemoApplicationKt on yuniqwoowahancomui-MacBookPro.local with PID 38083 (/Users/yuniq/Documents/dev/yuni/springboot/build/libs/demo-0.0.1-SNAPSHOT.jar started by yuniq in /Users/yuniq/Documents/dev/yuni/springboot)
2019-11-14 14:00:26.485  INFO 38083 --- [           main] com.example.demo.DemoApplicationKt       : No active profile set, falling back to default profiles: default
2019-11-14 14:00:28.234  INFO 38083 --- [           main] .s.d.r.c.RepositoryConfigurationDelegate : Bootstrapping Spring Data repositories in DEFAULT mode.
2019-11-14 14:00:28.337  INFO 38083 --- [           main] .s.d.r.c.RepositoryConfigurationDelegate : Finished Spring Data repository scanning in 88ms. Found 1 repository interfaces.
2019-11-14 14:00:28.848  INFO 38083 --- [           main] trationDelegate$BeanPostProcessorChecker : Bean 'org.springframework.transaction.annotation.ProxyTransactionManagementConfiguration' of type [org.springframework.transaction.annotation.ProxyTransactionManagementConfiguration] is not eligible for getting processed by all BeanPostProcessors (for example: not eligible for auto-proxying)
2019-11-14 14:00:29.448  INFO 38083 --- [           main] o.s.b.w.embedded.tomcat.TomcatWebServer  : Tomcat initialized with port(s): 8080 (http)
2019-11-14 14:00:29.487  INFO 38083 --- [           main] o.apache.catalina.core.StandardService   : Starting service [Tomcat]
2019-11-14 14:00:29.488  INFO 38083 --- [           main] org.apache.catalina.core.StandardEngine  : Starting Servlet engine: [Apache Tomcat/9.0.27]
2019-11-14 14:00:29.676  INFO 38083 --- [           main] o.a.c.c.C.[Tomcat].[localhost].[/]       : Initializing Spring embedded WebApplicationContext
2019-11-14 14:00:29.677  INFO 38083 --- [           main] o.s.web.context.ContextLoader            : Root WebApplicationContext: initialization completed in 3105 ms
2019-11-14 14:00:29.971  INFO 38083 --- [           main] o.hibernate.jpa.internal.util.LogHelper  : HHH000204: Processing PersistenceUnitInfo [name: default]
2019-11-14 14:00:30.052  INFO 38083 --- [           main] org.hibernate.Version                    : HHH000412: Hibernate Core {5.4.6.Final}
2019-11-14 14:00:30.344  INFO 38083 --- [           main] o.hibernate.annotations.common.Version   : HCANN000001: Hibernate Commons Annotations {5.1.0.Final}
2019-11-14 14:00:30.462  INFO 38083 --- [           main] com.zaxxer.hikari.HikariDataSource       : HikariPool-1 - Starting...
2019-11-14 14:00:31.061  INFO 38083 --- [           main] com.zaxxer.hikari.HikariDataSource       : HikariPool-1 - Start completed.
2019-11-14 14:00:31.082  INFO 38083 --- [           main] org.hibernate.dialect.Dialect            : HHH000400: Using dialect: org.hibernate.dialect.MySQL5Dialect
Hibernate: 
    
    drop table if exists yuni
Hibernate: 
    
    create table yuni (
       id bigint not null auto_increment,
        name varchar(255),
        password varchar(255),
        user_id varchar(255),
        primary key (id)
    ) engine=MyISAM
2019-11-14 14:00:31.934  INFO 38083 --- [           main] o.h.e.t.j.p.i.JtaPlatformInitiator       : HHH000490: Using JtaPlatform implementation: [org.hibernate.engine.transaction.jta.platform.internal.NoJtaPlatform]
2019-11-14 14:00:31.942  INFO 38083 --- [           main] j.LocalContainerEntityManagerFactoryBean : Initialized JPA EntityManagerFactory for persistence unit 'default'
2019-11-14 14:00:33.170  INFO 38083 --- [           main] o.s.s.concurrent.ThreadPoolTaskExecutor  : Initializing ExecutorService 'applicationTaskExecutor'
2019-11-14 14:00:33.471  INFO 38083 --- [           main] o.s.b.w.embedded.tomcat.TomcatWebServer  : Tomcat started on port(s): 8080 (http) with context path ''
2019-11-14 14:00:33.473  INFO 38083 --- [           main] com.example.demo.DemoApplicationKt       : Started DemoApplicationKt in 7.714 seconds (JVM running for 8.297)
2019-11-14 14:00:36.505  INFO 38083 --- [nio-8080-exec-1] o.a.c.c.C.[Tomcat].[localhost].[/]       : Initializing Spring DispatcherServlet 'dispatcherServlet'
2019-11-14 14:00:36.505  INFO 38083 --- [nio-8080-exec-1] o.s.web.servlet.DispatcherServlet        : Initializing Servlet 'dispatcherServlet'
2019-11-14 14:00:36.514  INFO 38083 --- [nio-8080-exec-1] o.s.web.servlet.DispatcherServlet        : Completed initialization in 9 ms
Hibernate: 
    select
        user0_.id as id1_0_,
        user0_.name as name2_0_,
        user0_.password as password3_0_,
        user0_.user_id as user_id4_0_ 
    from
        yuni user0_
Hibernate: 
    select
        user0_.id as id1_0_,
        user0_.name as name2_0_,
        user0_.password as password3_0_,
        user0_.user_id as user_id4_0_ 
    from
        yuni user0_
2019-11-14 14:00:49.274  INFO 38083 --- [extShutdownHook] o.s.s.concurrent.ThreadPoolTaskExecutor  : Shutting down ExecutorService 'applicationTaskExecutor'
2019-11-14 14:00:49.275  INFO 38083 --- [extShutdownHook] j.LocalContainerEntityManagerFactoryBean : Closing JPA EntityManagerFactory for persistence unit 'default'
2019-11-14 14:00:49.278  INFO 38083 --- [extShutdownHook] com.zaxxer.hikari.HikariDataSource       : HikariPool-1 - Shutdown initiated...
2019-11-14 14:00:49.293  INFO 38083 --- [extShutdownHook] com.zaxxer.hikari.HikariDataSource       : HikariPool-1 - Shutdown completed.

  .   ____          _            __ _ _
 /\\ / ___'_ __ _ _(_)_ __  __ _ \ \ \ \
( ( )\___ | '_ | '_| | '_ \/ _` | \ \ \ \
 \\/  ___)| |_)| | | | | || (_| |  ) ) ) )
  '  |____| .__|_| |_|_| |_\__, | / / / /
 =========|_|==============|___/=/_/_/_/
 :: Spring Boot ::        (v2.2.0.RELEASE)

2019-11-14 14:00:53.108  INFO 38101 --- [           main] com.example.demo.DemoApplicationKt       : Starting DemoApplicationKt on yuniqwoowahancomui-MacBookPro.local with PID 38101 (/Users/yuniq/Documents/dev/yuni/springboot/build/libs/demo-0.0.1-SNAPSHOT.jar started by yuniq in /Users/yuniq/Documents/dev/yuni/springboot)
2019-11-14 14:00:53.116  INFO 38101 --- [           main] com.example.demo.DemoApplicationKt       : No active profile set, falling back to default profiles: default
2019-11-14 14:00:54.493  INFO 38101 --- [           main] .s.d.r.c.RepositoryConfigurationDelegate : Bootstrapping Spring Data repositories in DEFAULT mode.
2019-11-14 14:00:54.772  INFO 38101 --- [           main] .s.d.r.c.RepositoryConfigurationDelegate : Finished Spring Data repository scanning in 239ms. Found 1 repository interfaces.
2019-11-14 14:00:55.746  INFO 38101 --- [           main] trationDelegate$BeanPostProcessorChecker : Bean 'org.springframework.transaction.annotation.ProxyTransactionManagementConfiguration' of type [org.springframework.transaction.annotation.ProxyTransactionManagementConfiguration] is not eligible for getting processed by all BeanPostProcessors (for example: not eligible for auto-proxying)
2019-11-14 14:00:56.562  INFO 38101 --- [           main] o.s.b.w.embedded.tomcat.TomcatWebServer  : Tomcat initialized with port(s): 8080 (http)
2019-11-14 14:00:56.594  INFO 38101 --- [           main] o.apache.catalina.core.StandardService   : Starting service [Tomcat]
2019-11-14 14:00:56.594  INFO 38101 --- [           main] org.apache.catalina.core.StandardEngine  : Starting Servlet engine: [Apache Tomcat/9.0.27]
2019-11-14 14:00:56.695  INFO 38101 --- [           main] o.a.c.c.C.[Tomcat].[localhost].[/]       : Initializing Spring embedded WebApplicationContext
2019-11-14 14:00:56.699  INFO 38101 --- [           main] o.s.web.context.ContextLoader            : Root WebApplicationContext: initialization completed in 3495 ms
2019-11-14 14:00:57.084  INFO 38101 --- [           main] o.hibernate.jpa.internal.util.LogHelper  : HHH000204: Processing PersistenceUnitInfo [name: default]
2019-11-14 14:00:57.171  INFO 38101 --- [           main] org.hibernate.Version                    : HHH000412: Hibernate Core {5.4.6.Final}
2019-11-14 14:00:57.432  INFO 38101 --- [           main] o.hibernate.annotations.common.Version   : HCANN000001: Hibernate Commons Annotations {5.1.0.Final}
2019-11-14 14:00:57.575  INFO 38101 --- [           main] com.zaxxer.hikari.HikariDataSource       : HikariPool-1 - Starting...
2019-11-14 14:00:58.421  INFO 38101 --- [           main] com.zaxxer.hikari.HikariDataSource       : HikariPool-1 - Start completed.
2019-11-14 14:00:58.450  INFO 38101 --- [           main] org.hibernate.dialect.Dialect            : HHH000400: Using dialect: org.hibernate.dialect.MySQL5Dialect
Hibernate: 
    
    drop table if exists yuni
Hibernate: 
    
    create table yuni (
       id bigint not null auto_increment,
        name varchar(255),
        password varchar(255),
        user_id varchar(255),
        primary key (id)
    ) engine=MyISAM
2019-11-14 14:00:59.457  INFO 38101 --- [           main] o.h.e.t.j.p.i.JtaPlatformInitiator       : HHH000490: Using JtaPlatform implementation: [org.hibernate.engine.transaction.jta.platform.internal.NoJtaPlatform]
2019-11-14 14:00:59.465  INFO 38101 --- [           main] j.LocalContainerEntityManagerFactoryBean : Initialized JPA EntityManagerFactory for persistence unit 'default'
2019-11-14 14:01:00.915  INFO 38101 --- [           main] o.s.s.concurrent.ThreadPoolTaskExecutor  : Initializing ExecutorService 'applicationTaskExecutor'
2019-11-14 14:01:01.199  INFO 38101 --- [           main] o.s.b.w.embedded.tomcat.TomcatWebServer  : Tomcat started on port(s): 8080 (http) with context path ''
2019-11-14 14:01:01.201  INFO 38101 --- [           main] com.example.demo.DemoApplicationKt       : Started DemoApplicationKt in 8.796 seconds (JVM running for 9.468)
2019-11-14 14:01:10.477  INFO 38101 --- [nio-8080-exec-2] o.a.c.c.C.[Tomcat].[localhost].[/]       : Initializing Spring DispatcherServlet 'dispatcherServlet'
2019-11-14 14:01:10.479  INFO 38101 --- [nio-8080-exec-2] o.s.web.servlet.DispatcherServlet        : Initializing Servlet 'dispatcherServlet'
2019-11-14 14:01:10.491  INFO 38101 --- [nio-8080-exec-2] o.s.web.servlet.DispatcherServlet        : Completed initialization in 12 ms
Hibernate: 
    select
        user0_.id as id1_0_,
        user0_.name as name2_0_,
        user0_.password as password3_0_,
        user0_.user_id as user_id4_0_ 
    from
        yuni user0_
Hibernate: 
    select
        user0_.id as id1_0_,
        user0_.name as name2_0_,
        user0_.password as password3_0_,
        user0_.user_id as user_id4_0_ 
    from
        yuni user0_
Hibernate: 
    select
        user0_.id as id1_0_,
        user0_.name as name2_0_,
        user0_.password as password3_0_,
        user0_.user_id as user_id4_0_ 
    from
        yuni user0_
Hibernate: 
    select
        user0_.id as id1_0_,
        user0_.name as name2_0_,
        user0_.password as password3_0_,
        user0_.user_id as user_id4_0_ 
    from
        yuni user0_
Hibernate: 
    select
        user0_.id as id1_0_,
        user0_.name as name2_0_,
        user0_.password as password3_0_,
        user0_.user_id as user_id4_0_ 
    from
        yuni user0_
Hibernate: 
    select
        user0_.id as id1_0_,
        user0_.name as name2_0_,
        user0_.password as password3_0_,
        user0_.user_id as user_id4_0_ 
    from
        yuni user0_
Hibernate: 
    select
        user0_.id as id1_0_,
        user0_.name as name2_0_,
        user0_.password as password3_0_,
        user0_.user_id as user_id4_0_ 
    from
        yuni user0_
Hibernate: 
    select
        user0_.id as id1_0_,
        user0_.name as name2_0_,
        user0_.password as password3_0_,
        user0_.user_id as user_id4_0_ 
    from
        yuni user0_
